CRITICAL - 2025-09-21 17:32:21 --> CodeIgniter\Database\Exceptions\DataException: There is no data to insert.
[Method: GET, Route: enregistrement]
in SYSTEMPATH\BaseModel.php on line 1823.
 1 SYSTEMPATH\BaseModel.php(1823): CodeIgniter\Database\Exceptions\DataException::forEmptyDataset('insert')
 2 SYSTEMPATH\BaseModel.php(804): CodeIgniter\BaseModel->transformDataToArray([], 'insert')
 3 SYSTEMPATH\Model.php(797): CodeIgniter\BaseModel->insert([], true)
 4 APPPATH\Controllers\Home.php(73): CodeIgniter\Model->insert([])
 5 SYSTEMPATH\CodeIgniter.php(933): App\Controllers\Home->ajoutHabitant()
 6 SYSTEMPATH\CodeIgniter.php(507): CodeIgniter\CodeIgniter->runController(Object(App\Controllers\Home))
 7 SYSTEMPATH\CodeIgniter.php(354): CodeIgniter\CodeIgniter->handleRequest(null, Object(Config\Cache), false)
 8 SYSTEMPATH\Boot.php(363): CodeIgniter\CodeIgniter->run()
 9 SYSTEMPATH\Boot.php(68): CodeIgniter\Boot::runCodeIgniter(Object(CodeIgniter\CodeIgniter))
10 FCPATH\index.php(59): CodeIgniter\Boot::bootWeb(Object(Config\Paths))
11 SYSTEMPATH\rewrite.php(44): require_once('C:\\laragon\\www\\fokontany\\public\\index.php')
ERROR - 2025-09-21 17:48:32 --> mysqli_sql_exception: Cannot add or update a child row: a foreign key constraint fails (`fokontany`.`habitant`, CONSTRAINT `fk_habitant_habitant` FOREIGN KEY (`idPere`) REFERENCES `habitant` (`idHabitant`)) in C:\laragon\www\fokontany\system\Database\MySQLi\Connection.php:327
Stack trace:
#0 C:\laragon\www\fokontany\system\Database\MySQLi\Connection.php(327): mysqli->query('INSERT INTO `ha...', 0)
#1 C:\laragon\www\fokontany\system\Database\BaseConnection.php(729): CodeIgniter\Database\MySQLi\Connection->execute('INSERT INTO `ha...')
#2 C:\laragon\www\fokontany\system\Database\BaseConnection.php(646): CodeIgniter\Database\BaseConnection->simpleQuery('INSERT INTO `ha...')
#3 C:\laragon\www\fokontany\system\Database\BaseBuilder.php(2345): CodeIgniter\Database\BaseConnection->query('INSERT INTO `ha...', Array, false)
#4 C:\laragon\www\fokontany\system\Model.php(394): CodeIgniter\Database\BaseBuilder->insert()
#5 C:\laragon\www\fokontany\system\BaseModel.php(838): CodeIgniter\Model->doInsert(Array)
#6 C:\laragon\www\fokontany\system\Model.php(797): CodeIgniter\BaseModel->insert(Array, true)
#7 C:\laragon\www\fokontany\app\Controllers\Home.php(77): CodeIgniter\Model->insert(Array)
#8 C:\laragon\www\fokontany\system\CodeIgniter.php(933): App\Controllers\Home->ajoutHabitant()
#9 C:\laragon\www\fokontany\system\CodeIgniter.php(507): CodeIgniter\CodeIgniter->runController(Object(App\Controllers\Home))
#10 C:\laragon\www\fokontany\system\CodeIgniter.php(354): CodeIgniter\CodeIgniter->handleRequest(NULL, Object(Config\Cache), false)
#11 C:\laragon\www\fokontany\system\Boot.php(363): CodeIgniter\CodeIgniter->run()
#12 C:\laragon\www\fokontany\system\Boot.php(68): CodeIgniter\Boot::runCodeIgniter(Object(CodeIgniter\CodeIgniter))
#13 C:\laragon\www\fokontany\public\index.php(59): CodeIgniter\Boot::bootWeb(Object(Config\Paths))
#14 C:\laragon\www\fokontany\system\rewrite.php(44): require_once('C:\\laragon\\www\\...')
#15 {main}
CRITICAL - 2025-09-21 17:48:32 --> CodeIgniter\Database\Exceptions\DatabaseException: Cannot add or update a child row: a foreign key constraint fails (`fokontany`.`habitant`, CONSTRAINT `fk_habitant_habitant` FOREIGN KEY (`idPere`) REFERENCES `habitant` (`idHabitant`))
[Method: POST, Route: enregistrement]
in SYSTEMPATH\Database\BaseConnection.php on line 684.
 1 SYSTEMPATH\Database\BaseBuilder.php(2345): CodeIgniter\Database\BaseConnection->query('INSERT INTO `habitant` (`nom`, `prenom`, `cin`, `num_copie`, `date_naissance`, `lieu_naissance`, `situation_matrimoniale`, `status`, `adresse`, `sexe`, `profession`, `idPere`, `idMere`) VALUES (:nom:, :prenom:, :cin:, :num_copie:, :date_naissance:, :lieu_naissance:, :situation_matrimoniale:, :status:, :adresse:, :sexe:, :profession:, :idPere:, :idMere:)', [...], false)
 2 SYSTEMPATH\Model.php(394): CodeIgniter\Database\BaseBuilder->insert()
 3 SYSTEMPATH\BaseModel.php(838): CodeIgniter\Model->doInsert([...])
 4 SYSTEMPATH\Model.php(797): CodeIgniter\BaseModel->insert([...], true)
 5 APPPATH\Controllers\Home.php(77): CodeIgniter\Model->insert([...])
 6 SYSTEMPATH\CodeIgniter.php(933): App\Controllers\Home->ajoutHabitant()
 7 SYSTEMPATH\CodeIgniter.php(507): CodeIgniter\CodeIgniter->runController(Object(App\Controllers\Home))
 8 SYSTEMPATH\CodeIgniter.php(354): CodeIgniter\CodeIgniter->handleRequest(null, Object(Config\Cache), false)
 9 SYSTEMPATH\Boot.php(363): CodeIgniter\CodeIgniter->run()
10 SYSTEMPATH\Boot.php(68): CodeIgniter\Boot::runCodeIgniter(Object(CodeIgniter\CodeIgniter))
11 FCPATH\index.php(59): CodeIgniter\Boot::bootWeb(Object(Config\Paths))
12 SYSTEMPATH\rewrite.php(44): require_once('C:\\laragon\\www\\fokontany\\public\\index.php')
CRITICAL - 2025-09-21 17:48:32 --> [Caused by] CodeIgniter\Database\Exceptions\DatabaseException: Cannot add or update a child row: a foreign key constraint fails (`fokontany`.`habitant`, CONSTRAINT `fk_habitant_habitant` FOREIGN KEY (`idPere`) REFERENCES `habitant` (`idHabitant`))
in SYSTEMPATH\Database\MySQLi\Connection.php on line 332.
 1 SYSTEMPATH\Database\BaseConnection.php(729): CodeIgniter\Database\MySQLi\Connection->execute('INSERT INTO `habitant` (`nom`, `prenom`, `cin`, `num_copie`, `date_naissance`, `lieu_naissance`, `situation_matrimoniale`, `status`, `adresse`, `sexe`, `profession`, `idPere`, `idMere`) VALUES (\'oiu\', \'kjhg\', \'865320\', \'lkjhg\', \'2025-01-01\', \'fdghjkl\', \'Célibataire\', \'Vivant\', \'ghjk\', \'Masculin\', \'fghjk\', \'\', \'\')')
 2 SYSTEMPATH\Database\BaseConnection.php(646): CodeIgniter\Database\BaseConnection->simpleQuery('INSERT INTO `habitant` (`nom`, `prenom`, `cin`, `num_copie`, `date_naissance`, `lieu_naissance`, `situation_matrimoniale`, `status`, `adresse`, `sexe`, `profession`, `idPere`, `idMere`) VALUES (\'oiu\', \'kjhg\', \'865320\', \'lkjhg\', \'2025-01-01\', \'fdghjkl\', \'Célibataire\', \'Vivant\', \'ghjk\', \'Masculin\', \'fghjk\', \'\', \'\')')
 3 SYSTEMPATH\Database\BaseBuilder.php(2345): CodeIgniter\Database\BaseConnection->query('INSERT INTO `habitant` (`nom`, `prenom`, `cin`, `num_copie`, `date_naissance`, `lieu_naissance`, `situation_matrimoniale`, `status`, `adresse`, `sexe`, `profession`, `idPere`, `idMere`) VALUES (:nom:, :prenom:, :cin:, :num_copie:, :date_naissance:, :lieu_naissance:, :situation_matrimoniale:, :status:, :adresse:, :sexe:, :profession:, :idPere:, :idMere:)', [...], false)
 4 SYSTEMPATH\Model.php(394): CodeIgniter\Database\BaseBuilder->insert()
 5 SYSTEMPATH\BaseModel.php(838): CodeIgniter\Model->doInsert([...])
 6 SYSTEMPATH\Model.php(797): CodeIgniter\BaseModel->insert([...], true)
 7 APPPATH\Controllers\Home.php(77): CodeIgniter\Model->insert([...])
 8 SYSTEMPATH\CodeIgniter.php(933): App\Controllers\Home->ajoutHabitant()
 9 SYSTEMPATH\CodeIgniter.php(507): CodeIgniter\CodeIgniter->runController(Object(App\Controllers\Home))
10 SYSTEMPATH\CodeIgniter.php(354): CodeIgniter\CodeIgniter->handleRequest(null, Object(Config\Cache), false)
11 SYSTEMPATH\Boot.php(363): CodeIgniter\CodeIgniter->run()
12 SYSTEMPATH\Boot.php(68): CodeIgniter\Boot::runCodeIgniter(Object(CodeIgniter\CodeIgniter))
13 FCPATH\index.php(59): CodeIgniter\Boot::bootWeb(Object(Config\Paths))
14 SYSTEMPATH\rewrite.php(44): require_once('C:\\laragon\\www\\fokontany\\public\\index.php')
CRITICAL - 2025-09-21 17:48:32 --> [Caused by] mysqli_sql_exception: Cannot add or update a child row: a foreign key constraint fails (`fokontany`.`habitant`, CONSTRAINT `fk_habitant_habitant` FOREIGN KEY (`idPere`) REFERENCES `habitant` (`idHabitant`))
in SYSTEMPATH\Database\MySQLi\Connection.php on line 327.
 1 SYSTEMPATH\Database\MySQLi\Connection.php(327): mysqli->query('INSERT INTO `habitant` (`nom`, `prenom`, `cin`, `num_copie`, `date_naissance`, `lieu_naissance`, `situation_matrimoniale`, `status`, `adresse`, `sexe`, `profession`, `idPere`, `idMere`) VALUES (\'oiu\', \'kjhg\', \'865320\', \'lkjhg\', \'2025-01-01\', \'fdghjkl\', \'Célibataire\', \'Vivant\', \'ghjk\', \'Masculin\', \'fghjk\', \'\', \'\')', 0)
 2 SYSTEMPATH\Database\BaseConnection.php(729): CodeIgniter\Database\MySQLi\Connection->execute('INSERT INTO `habitant` (`nom`, `prenom`, `cin`, `num_copie`, `date_naissance`, `lieu_naissance`, `situation_matrimoniale`, `status`, `adresse`, `sexe`, `profession`, `idPere`, `idMere`) VALUES (\'oiu\', \'kjhg\', \'865320\', \'lkjhg\', \'2025-01-01\', \'fdghjkl\', \'Célibataire\', \'Vivant\', \'ghjk\', \'Masculin\', \'fghjk\', \'\', \'\')')
 3 SYSTEMPATH\Database\BaseConnection.php(646): CodeIgniter\Database\BaseConnection->simpleQuery('INSERT INTO `habitant` (`nom`, `prenom`, `cin`, `num_copie`, `date_naissance`, `lieu_naissance`, `situation_matrimoniale`, `status`, `adresse`, `sexe`, `profession`, `idPere`, `idMere`) VALUES (\'oiu\', \'kjhg\', \'865320\', \'lkjhg\', \'2025-01-01\', \'fdghjkl\', \'Célibataire\', \'Vivant\', \'ghjk\', \'Masculin\', \'fghjk\', \'\', \'\')')
 4 SYSTEMPATH\Database\BaseBuilder.php(2345): CodeIgniter\Database\BaseConnection->query('INSERT INTO `habitant` (`nom`, `prenom`, `cin`, `num_copie`, `date_naissance`, `lieu_naissance`, `situation_matrimoniale`, `status`, `adresse`, `sexe`, `profession`, `idPere`, `idMere`) VALUES (:nom:, :prenom:, :cin:, :num_copie:, :date_naissance:, :lieu_naissance:, :situation_matrimoniale:, :status:, :adresse:, :sexe:, :profession:, :idPere:, :idMere:)', [...], false)
 5 SYSTEMPATH\Model.php(394): CodeIgniter\Database\BaseBuilder->insert()
 6 SYSTEMPATH\BaseModel.php(838): CodeIgniter\Model->doInsert([...])
 7 SYSTEMPATH\Model.php(797): CodeIgniter\BaseModel->insert([...], true)
 8 APPPATH\Controllers\Home.php(77): CodeIgniter\Model->insert([...])
 9 SYSTEMPATH\CodeIgniter.php(933): App\Controllers\Home->ajoutHabitant()
10 SYSTEMPATH\CodeIgniter.php(507): CodeIgniter\CodeIgniter->runController(Object(App\Controllers\Home))
11 SYSTEMPATH\CodeIgniter.php(354): CodeIgniter\CodeIgniter->handleRequest(null, Object(Config\Cache), false)
12 SYSTEMPATH\Boot.php(363): CodeIgniter\CodeIgniter->run()
13 SYSTEMPATH\Boot.php(68): CodeIgniter\Boot::runCodeIgniter(Object(CodeIgniter\CodeIgniter))
14 FCPATH\index.php(59): CodeIgniter\Boot::bootWeb(Object(Config\Paths))
15 SYSTEMPATH\rewrite.php(44): require_once('C:\\laragon\\www\\fokontany\\public\\index.php')
ERROR - 2025-09-21 17:48:59 --> mysqli_sql_exception: Cannot add or update a child row: a foreign key constraint fails (`fokontany`.`habitant`, CONSTRAINT `fk_habitant_habitant` FOREIGN KEY (`idPere`) REFERENCES `habitant` (`idHabitant`)) in C:\laragon\www\fokontany\system\Database\MySQLi\Connection.php:327
Stack trace:
#0 C:\laragon\www\fokontany\system\Database\MySQLi\Connection.php(327): mysqli->query('INSERT INTO `ha...', 0)
#1 C:\laragon\www\fokontany\system\Database\BaseConnection.php(729): CodeIgniter\Database\MySQLi\Connection->execute('INSERT INTO `ha...')
#2 C:\laragon\www\fokontany\system\Database\BaseConnection.php(646): CodeIgniter\Database\BaseConnection->simpleQuery('INSERT INTO `ha...')
#3 C:\laragon\www\fokontany\system\Database\BaseBuilder.php(2345): CodeIgniter\Database\BaseConnection->query('INSERT INTO `ha...', Array, false)
#4 C:\laragon\www\fokontany\system\Model.php(394): CodeIgniter\Database\BaseBuilder->insert()
#5 C:\laragon\www\fokontany\system\BaseModel.php(838): CodeIgniter\Model->doInsert(Array)
#6 C:\laragon\www\fokontany\system\Model.php(797): CodeIgniter\BaseModel->insert(Array, true)
#7 C:\laragon\www\fokontany\app\Controllers\Home.php(77): CodeIgniter\Model->insert(Array)
#8 C:\laragon\www\fokontany\system\CodeIgniter.php(933): App\Controllers\Home->ajoutHabitant()
#9 C:\laragon\www\fokontany\system\CodeIgniter.php(507): CodeIgniter\CodeIgniter->runController(Object(App\Controllers\Home))
#10 C:\laragon\www\fokontany\system\CodeIgniter.php(354): CodeIgniter\CodeIgniter->handleRequest(NULL, Object(Config\Cache), false)
#11 C:\laragon\www\fokontany\system\Boot.php(363): CodeIgniter\CodeIgniter->run()
#12 C:\laragon\www\fokontany\system\Boot.php(68): CodeIgniter\Boot::runCodeIgniter(Object(CodeIgniter\CodeIgniter))
#13 C:\laragon\www\fokontany\public\index.php(59): CodeIgniter\Boot::bootWeb(Object(Config\Paths))
#14 C:\laragon\www\fokontany\system\rewrite.php(44): require_once('C:\\laragon\\www\\...')
#15 {main}
CRITICAL - 2025-09-21 17:48:59 --> CodeIgniter\Database\Exceptions\DatabaseException: Cannot add or update a child row: a foreign key constraint fails (`fokontany`.`habitant`, CONSTRAINT `fk_habitant_habitant` FOREIGN KEY (`idPere`) REFERENCES `habitant` (`idHabitant`))
[Method: POST, Route: enregistrement]
in SYSTEMPATH\Database\BaseConnection.php on line 684.
 1 SYSTEMPATH\Database\BaseBuilder.php(2345): CodeIgniter\Database\BaseConnection->query('INSERT INTO `habitant` (`nom`, `prenom`, `cin`, `num_copie`, `date_naissance`, `lieu_naissance`, `situation_matrimoniale`, `status`, `adresse`, `sexe`, `profession`, `idPere`, `idMere`) VALUES (:nom:, :prenom:, :cin:, :num_copie:, :date_naissance:, :lieu_naissance:, :situation_matrimoniale:, :status:, :adresse:, :sexe:, :profession:, :idPere:, :idMere:)', [...], false)
 2 SYSTEMPATH\Model.php(394): CodeIgniter\Database\BaseBuilder->insert()
 3 SYSTEMPATH\BaseModel.php(838): CodeIgniter\Model->doInsert([...])
 4 SYSTEMPATH\Model.php(797): CodeIgniter\BaseModel->insert([...], true)
 5 APPPATH\Controllers\Home.php(77): CodeIgniter\Model->insert([...])
 6 SYSTEMPATH\CodeIgniter.php(933): App\Controllers\Home->ajoutHabitant()
 7 SYSTEMPATH\CodeIgniter.php(507): CodeIgniter\CodeIgniter->runController(Object(App\Controllers\Home))
 8 SYSTEMPATH\CodeIgniter.php(354): CodeIgniter\CodeIgniter->handleRequest(null, Object(Config\Cache), false)
 9 SYSTEMPATH\Boot.php(363): CodeIgniter\CodeIgniter->run()
10 SYSTEMPATH\Boot.php(68): CodeIgniter\Boot::runCodeIgniter(Object(CodeIgniter\CodeIgniter))
11 FCPATH\index.php(59): CodeIgniter\Boot::bootWeb(Object(Config\Paths))
12 SYSTEMPATH\rewrite.php(44): require_once('C:\\laragon\\www\\fokontany\\public\\index.php')
CRITICAL - 2025-09-21 17:48:59 --> [Caused by] CodeIgniter\Database\Exceptions\DatabaseException: Cannot add or update a child row: a foreign key constraint fails (`fokontany`.`habitant`, CONSTRAINT `fk_habitant_habitant` FOREIGN KEY (`idPere`) REFERENCES `habitant` (`idHabitant`))
in SYSTEMPATH\Database\MySQLi\Connection.php on line 332.
 1 SYSTEMPATH\Database\BaseConnection.php(729): CodeIgniter\Database\MySQLi\Connection->execute('INSERT INTO `habitant` (`nom`, `prenom`, `cin`, `num_copie`, `date_naissance`, `lieu_naissance`, `situation_matrimoniale`, `status`, `adresse`, `sexe`, `profession`, `idPere`, `idMere`) VALUES (\'IARINJANAHARY\', \'Fanirison\', \'101251231282\', \'89\', \'2025-10-03\', \'sab/nam\', \'Célibataire\', \'Vivant\', \'II H 144E Solay\', \'Masculin\', \'Etudiant\', \'\', \'\')')
 2 SYSTEMPATH\Database\BaseConnection.php(646): CodeIgniter\Database\BaseConnection->simpleQuery('INSERT INTO `habitant` (`nom`, `prenom`, `cin`, `num_copie`, `date_naissance`, `lieu_naissance`, `situation_matrimoniale`, `status`, `adresse`, `sexe`, `profession`, `idPere`, `idMere`) VALUES (\'IARINJANAHARY\', \'Fanirison\', \'101251231282\', \'89\', \'2025-10-03\', \'sab/nam\', \'Célibataire\', \'Vivant\', \'II H 144E Solay\', \'Masculin\', \'Etudiant\', \'\', \'\')')
 3 SYSTEMPATH\Database\BaseBuilder.php(2345): CodeIgniter\Database\BaseConnection->query('INSERT INTO `habitant` (`nom`, `prenom`, `cin`, `num_copie`, `date_naissance`, `lieu_naissance`, `situation_matrimoniale`, `status`, `adresse`, `sexe`, `profession`, `idPere`, `idMere`) VALUES (:nom:, :prenom:, :cin:, :num_copie:, :date_naissance:, :lieu_naissance:, :situation_matrimoniale:, :status:, :adresse:, :sexe:, :profession:, :idPere:, :idMere:)', [...], false)
 4 SYSTEMPATH\Model.php(394): CodeIgniter\Database\BaseBuilder->insert()
 5 SYSTEMPATH\BaseModel.php(838): CodeIgniter\Model->doInsert([...])
 6 SYSTEMPATH\Model.php(797): CodeIgniter\BaseModel->insert([...], true)
 7 APPPATH\Controllers\Home.php(77): CodeIgniter\Model->insert([...])
 8 SYSTEMPATH\CodeIgniter.php(933): App\Controllers\Home->ajoutHabitant()
 9 SYSTEMPATH\CodeIgniter.php(507): CodeIgniter\CodeIgniter->runController(Object(App\Controllers\Home))
10 SYSTEMPATH\CodeIgniter.php(354): CodeIgniter\CodeIgniter->handleRequest(null, Object(Config\Cache), false)
11 SYSTEMPATH\Boot.php(363): CodeIgniter\CodeIgniter->run()
12 SYSTEMPATH\Boot.php(68): CodeIgniter\Boot::runCodeIgniter(Object(CodeIgniter\CodeIgniter))
13 FCPATH\index.php(59): CodeIgniter\Boot::bootWeb(Object(Config\Paths))
14 SYSTEMPATH\rewrite.php(44): require_once('C:\\laragon\\www\\fokontany\\public\\index.php')
CRITICAL - 2025-09-21 17:48:59 --> [Caused by] mysqli_sql_exception: Cannot add or update a child row: a foreign key constraint fails (`fokontany`.`habitant`, CONSTRAINT `fk_habitant_habitant` FOREIGN KEY (`idPere`) REFERENCES `habitant` (`idHabitant`))
in SYSTEMPATH\Database\MySQLi\Connection.php on line 327.
 1 SYSTEMPATH\Database\MySQLi\Connection.php(327): mysqli->query('INSERT INTO `habitant` (`nom`, `prenom`, `cin`, `num_copie`, `date_naissance`, `lieu_naissance`, `situation_matrimoniale`, `status`, `adresse`, `sexe`, `profession`, `idPere`, `idMere`) VALUES (\'IARINJANAHARY\', \'Fanirison\', \'101251231282\', \'89\', \'2025-10-03\', \'sab/nam\', \'Célibataire\', \'Vivant\', \'II H 144E Solay\', \'Masculin\', \'Etudiant\', \'\', \'\')', 0)
 2 SYSTEMPATH\Database\BaseConnection.php(729): CodeIgniter\Database\MySQLi\Connection->execute('INSERT INTO `habitant` (`nom`, `prenom`, `cin`, `num_copie`, `date_naissance`, `lieu_naissance`, `situation_matrimoniale`, `status`, `adresse`, `sexe`, `profession`, `idPere`, `idMere`) VALUES (\'IARINJANAHARY\', \'Fanirison\', \'101251231282\', \'89\', \'2025-10-03\', \'sab/nam\', \'Célibataire\', \'Vivant\', \'II H 144E Solay\', \'Masculin\', \'Etudiant\', \'\', \'\')')
 3 SYSTEMPATH\Database\BaseConnection.php(646): CodeIgniter\Database\BaseConnection->simpleQuery('INSERT INTO `habitant` (`nom`, `prenom`, `cin`, `num_copie`, `date_naissance`, `lieu_naissance`, `situation_matrimoniale`, `status`, `adresse`, `sexe`, `profession`, `idPere`, `idMere`) VALUES (\'IARINJANAHARY\', \'Fanirison\', \'101251231282\', \'89\', \'2025-10-03\', \'sab/nam\', \'Célibataire\', \'Vivant\', \'II H 144E Solay\', \'Masculin\', \'Etudiant\', \'\', \'\')')
 4 SYSTEMPATH\Database\BaseBuilder.php(2345): CodeIgniter\Database\BaseConnection->query('INSERT INTO `habitant` (`nom`, `prenom`, `cin`, `num_copie`, `date_naissance`, `lieu_naissance`, `situation_matrimoniale`, `status`, `adresse`, `sexe`, `profession`, `idPere`, `idMere`) VALUES (:nom:, :prenom:, :cin:, :num_copie:, :date_naissance:, :lieu_naissance:, :situation_matrimoniale:, :status:, :adresse:, :sexe:, :profession:, :idPere:, :idMere:)', [...], false)
 5 SYSTEMPATH\Model.php(394): CodeIgniter\Database\BaseBuilder->insert()
 6 SYSTEMPATH\BaseModel.php(838): CodeIgniter\Model->doInsert([...])
 7 SYSTEMPATH\Model.php(797): CodeIgniter\BaseModel->insert([...], true)
 8 APPPATH\Controllers\Home.php(77): CodeIgniter\Model->insert([...])
 9 SYSTEMPATH\CodeIgniter.php(933): App\Controllers\Home->ajoutHabitant()
10 SYSTEMPATH\CodeIgniter.php(507): CodeIgniter\CodeIgniter->runController(Object(App\Controllers\Home))
11 SYSTEMPATH\CodeIgniter.php(354): CodeIgniter\CodeIgniter->handleRequest(null, Object(Config\Cache), false)
12 SYSTEMPATH\Boot.php(363): CodeIgniter\CodeIgniter->run()
13 SYSTEMPATH\Boot.php(68): CodeIgniter\Boot::runCodeIgniter(Object(CodeIgniter\CodeIgniter))
14 FCPATH\index.php(59): CodeIgniter\Boot::bootWeb(Object(Config\Paths))
15 SYSTEMPATH\rewrite.php(44): require_once('C:\\laragon\\www\\fokontany\\public\\index.php')
ERROR - 2025-09-21 17:49:41 --> mysqli_sql_exception: Cannot add or update a child row: a foreign key constraint fails (`fokontany`.`habitant`, CONSTRAINT `fk_habitant_habitant` FOREIGN KEY (`idPere`) REFERENCES `habitant` (`idHabitant`)) in C:\laragon\www\fokontany\system\Database\MySQLi\Connection.php:327
Stack trace:
#0 C:\laragon\www\fokontany\system\Database\MySQLi\Connection.php(327): mysqli->query('INSERT INTO `ha...', 0)
#1 C:\laragon\www\fokontany\system\Database\BaseConnection.php(729): CodeIgniter\Database\MySQLi\Connection->execute('INSERT INTO `ha...')
#2 C:\laragon\www\fokontany\system\Database\BaseConnection.php(646): CodeIgniter\Database\BaseConnection->simpleQuery('INSERT INTO `ha...')
#3 C:\laragon\www\fokontany\system\Database\BaseBuilder.php(2345): CodeIgniter\Database\BaseConnection->query('INSERT INTO `ha...', Array, false)
#4 C:\laragon\www\fokontany\system\Model.php(394): CodeIgniter\Database\BaseBuilder->insert()
#5 C:\laragon\www\fokontany\system\BaseModel.php(838): CodeIgniter\Model->doInsert(Array)
#6 C:\laragon\www\fokontany\system\Model.php(797): CodeIgniter\BaseModel->insert(Array, true)
#7 C:\laragon\www\fokontany\app\Controllers\Home.php(77): CodeIgniter\Model->insert(Array)
#8 C:\laragon\www\fokontany\system\CodeIgniter.php(933): App\Controllers\Home->ajoutHabitant()
#9 C:\laragon\www\fokontany\system\CodeIgniter.php(507): CodeIgniter\CodeIgniter->runController(Object(App\Controllers\Home))
#10 C:\laragon\www\fokontany\system\CodeIgniter.php(354): CodeIgniter\CodeIgniter->handleRequest(NULL, Object(Config\Cache), false)
#11 C:\laragon\www\fokontany\system\Boot.php(363): CodeIgniter\CodeIgniter->run()
#12 C:\laragon\www\fokontany\system\Boot.php(68): CodeIgniter\Boot::runCodeIgniter(Object(CodeIgniter\CodeIgniter))
#13 C:\laragon\www\fokontany\public\index.php(59): CodeIgniter\Boot::bootWeb(Object(Config\Paths))
#14 C:\laragon\www\fokontany\system\rewrite.php(44): require_once('C:\\laragon\\www\\...')
#15 {main}
CRITICAL - 2025-09-21 17:49:41 --> CodeIgniter\Database\Exceptions\DatabaseException: Cannot add or update a child row: a foreign key constraint fails (`fokontany`.`habitant`, CONSTRAINT `fk_habitant_habitant` FOREIGN KEY (`idPere`) REFERENCES `habitant` (`idHabitant`))
[Method: POST, Route: enregistrement]
in SYSTEMPATH\Database\BaseConnection.php on line 684.
 1 SYSTEMPATH\Database\BaseBuilder.php(2345): CodeIgniter\Database\BaseConnection->query('INSERT INTO `habitant` (`nom`, `prenom`, `cin`, `num_copie`, `date_naissance`, `lieu_naissance`, `situation_matrimoniale`, `status`, `adresse`, `sexe`, `profession`, `idPere`, `idMere`) VALUES (:nom:, :prenom:, :cin:, :num_copie:, :date_naissance:, :lieu_naissance:, :situation_matrimoniale:, :status:, :adresse:, :sexe:, :profession:, :idPere:, :idMere:)', [...], false)
 2 SYSTEMPATH\Model.php(394): CodeIgniter\Database\BaseBuilder->insert()
 3 SYSTEMPATH\BaseModel.php(838): CodeIgniter\Model->doInsert([...])
 4 SYSTEMPATH\Model.php(797): CodeIgniter\BaseModel->insert([...], true)
 5 APPPATH\Controllers\Home.php(77): CodeIgniter\Model->insert([...])
 6 SYSTEMPATH\CodeIgniter.php(933): App\Controllers\Home->ajoutHabitant()
 7 SYSTEMPATH\CodeIgniter.php(507): CodeIgniter\CodeIgniter->runController(Object(App\Controllers\Home))
 8 SYSTEMPATH\CodeIgniter.php(354): CodeIgniter\CodeIgniter->handleRequest(null, Object(Config\Cache), false)
 9 SYSTEMPATH\Boot.php(363): CodeIgniter\CodeIgniter->run()
10 SYSTEMPATH\Boot.php(68): CodeIgniter\Boot::runCodeIgniter(Object(CodeIgniter\CodeIgniter))
11 FCPATH\index.php(59): CodeIgniter\Boot::bootWeb(Object(Config\Paths))
12 SYSTEMPATH\rewrite.php(44): require_once('C:\\laragon\\www\\fokontany\\public\\index.php')
CRITICAL - 2025-09-21 17:49:41 --> [Caused by] CodeIgniter\Database\Exceptions\DatabaseException: Cannot add or update a child row: a foreign key constraint fails (`fokontany`.`habitant`, CONSTRAINT `fk_habitant_habitant` FOREIGN KEY (`idPere`) REFERENCES `habitant` (`idHabitant`))
in SYSTEMPATH\Database\MySQLi\Connection.php on line 332.
 1 SYSTEMPATH\Database\BaseConnection.php(729): CodeIgniter\Database\MySQLi\Connection->execute('INSERT INTO `habitant` (`nom`, `prenom`, `cin`, `num_copie`, `date_naissance`, `lieu_naissance`, `situation_matrimoniale`, `status`, `adresse`, `sexe`, `profession`, `idPere`, `idMere`) VALUES (\'IARINJANAHARY\', \'Fanirison\', \'101251231282\', \'89\', \'2025-10-03\', \'sab/nam\', \'Célibataire\', \'Vivant\', \'II H 144E Solay\', \'Masculin\', \'Etudiant\', \'1\', \'2\')')
 2 SYSTEMPATH\Database\BaseConnection.php(646): CodeIgniter\Database\BaseConnection->simpleQuery('INSERT INTO `habitant` (`nom`, `prenom`, `cin`, `num_copie`, `date_naissance`, `lieu_naissance`, `situation_matrimoniale`, `status`, `adresse`, `sexe`, `profession`, `idPere`, `idMere`) VALUES (\'IARINJANAHARY\', \'Fanirison\', \'101251231282\', \'89\', \'2025-10-03\', \'sab/nam\', \'Célibataire\', \'Vivant\', \'II H 144E Solay\', \'Masculin\', \'Etudiant\', \'1\', \'2\')')
 3 SYSTEMPATH\Database\BaseBuilder.php(2345): CodeIgniter\Database\BaseConnection->query('INSERT INTO `habitant` (`nom`, `prenom`, `cin`, `num_copie`, `date_naissance`, `lieu_naissance`, `situation_matrimoniale`, `status`, `adresse`, `sexe`, `profession`, `idPere`, `idMere`) VALUES (:nom:, :prenom:, :cin:, :num_copie:, :date_naissance:, :lieu_naissance:, :situation_matrimoniale:, :status:, :adresse:, :sexe:, :profession:, :idPere:, :idMere:)', [...], false)
 4 SYSTEMPATH\Model.php(394): CodeIgniter\Database\BaseBuilder->insert()
 5 SYSTEMPATH\BaseModel.php(838): CodeIgniter\Model->doInsert([...])
 6 SYSTEMPATH\Model.php(797): CodeIgniter\BaseModel->insert([...], true)
 7 APPPATH\Controllers\Home.php(77): CodeIgniter\Model->insert([...])
 8 SYSTEMPATH\CodeIgniter.php(933): App\Controllers\Home->ajoutHabitant()
 9 SYSTEMPATH\CodeIgniter.php(507): CodeIgniter\CodeIgniter->runController(Object(App\Controllers\Home))
10 SYSTEMPATH\CodeIgniter.php(354): CodeIgniter\CodeIgniter->handleRequest(null, Object(Config\Cache), false)
11 SYSTEMPATH\Boot.php(363): CodeIgniter\CodeIgniter->run()
12 SYSTEMPATH\Boot.php(68): CodeIgniter\Boot::runCodeIgniter(Object(CodeIgniter\CodeIgniter))
13 FCPATH\index.php(59): CodeIgniter\Boot::bootWeb(Object(Config\Paths))
14 SYSTEMPATH\rewrite.php(44): require_once('C:\\laragon\\www\\fokontany\\public\\index.php')
CRITICAL - 2025-09-21 17:49:41 --> [Caused by] mysqli_sql_exception: Cannot add or update a child row: a foreign key constraint fails (`fokontany`.`habitant`, CONSTRAINT `fk_habitant_habitant` FOREIGN KEY (`idPere`) REFERENCES `habitant` (`idHabitant`))
in SYSTEMPATH\Database\MySQLi\Connection.php on line 327.
 1 SYSTEMPATH\Database\MySQLi\Connection.php(327): mysqli->query('INSERT INTO `habitant` (`nom`, `prenom`, `cin`, `num_copie`, `date_naissance`, `lieu_naissance`, `situation_matrimoniale`, `status`, `adresse`, `sexe`, `profession`, `idPere`, `idMere`) VALUES (\'IARINJANAHARY\', \'Fanirison\', \'101251231282\', \'89\', \'2025-10-03\', \'sab/nam\', \'Célibataire\', \'Vivant\', \'II H 144E Solay\', \'Masculin\', \'Etudiant\', \'1\', \'2\')', 0)
 2 SYSTEMPATH\Database\BaseConnection.php(729): CodeIgniter\Database\MySQLi\Connection->execute('INSERT INTO `habitant` (`nom`, `prenom`, `cin`, `num_copie`, `date_naissance`, `lieu_naissance`, `situation_matrimoniale`, `status`, `adresse`, `sexe`, `profession`, `idPere`, `idMere`) VALUES (\'IARINJANAHARY\', \'Fanirison\', \'101251231282\', \'89\', \'2025-10-03\', \'sab/nam\', \'Célibataire\', \'Vivant\', \'II H 144E Solay\', \'Masculin\', \'Etudiant\', \'1\', \'2\')')
 3 SYSTEMPATH\Database\BaseConnection.php(646): CodeIgniter\Database\BaseConnection->simpleQuery('INSERT INTO `habitant` (`nom`, `prenom`, `cin`, `num_copie`, `date_naissance`, `lieu_naissance`, `situation_matrimoniale`, `status`, `adresse`, `sexe`, `profession`, `idPere`, `idMere`) VALUES (\'IARINJANAHARY\', \'Fanirison\', \'101251231282\', \'89\', \'2025-10-03\', \'sab/nam\', \'Célibataire\', \'Vivant\', \'II H 144E Solay\', \'Masculin\', \'Etudiant\', \'1\', \'2\')')
 4 SYSTEMPATH\Database\BaseBuilder.php(2345): CodeIgniter\Database\BaseConnection->query('INSERT INTO `habitant` (`nom`, `prenom`, `cin`, `num_copie`, `date_naissance`, `lieu_naissance`, `situation_matrimoniale`, `status`, `adresse`, `sexe`, `profession`, `idPere`, `idMere`) VALUES (:nom:, :prenom:, :cin:, :num_copie:, :date_naissance:, :lieu_naissance:, :situation_matrimoniale:, :status:, :adresse:, :sexe:, :profession:, :idPere:, :idMere:)', [...], false)
 5 SYSTEMPATH\Model.php(394): CodeIgniter\Database\BaseBuilder->insert()
 6 SYSTEMPATH\BaseModel.php(838): CodeIgniter\Model->doInsert([...])
 7 SYSTEMPATH\Model.php(797): CodeIgniter\BaseModel->insert([...], true)
 8 APPPATH\Controllers\Home.php(77): CodeIgniter\Model->insert([...])
 9 SYSTEMPATH\CodeIgniter.php(933): App\Controllers\Home->ajoutHabitant()
10 SYSTEMPATH\CodeIgniter.php(507): CodeIgniter\CodeIgniter->runController(Object(App\Controllers\Home))
11 SYSTEMPATH\CodeIgniter.php(354): CodeIgniter\CodeIgniter->handleRequest(null, Object(Config\Cache), false)
12 SYSTEMPATH\Boot.php(363): CodeIgniter\CodeIgniter->run()
13 SYSTEMPATH\Boot.php(68): CodeIgniter\Boot::runCodeIgniter(Object(CodeIgniter\CodeIgniter))
14 FCPATH\index.php(59): CodeIgniter\Boot::bootWeb(Object(Config\Paths))
15 SYSTEMPATH\rewrite.php(44): require_once('C:\\laragon\\www\\fokontany\\public\\index.php')
ERROR - 2025-09-21 17:49:56 --> mysqli_sql_exception: Cannot add or update a child row: a foreign key constraint fails (`fokontany`.`habitant`, CONSTRAINT `fk_habitant_habitant` FOREIGN KEY (`idPere`) REFERENCES `habitant` (`idHabitant`)) in C:\laragon\www\fokontany\system\Database\MySQLi\Connection.php:327
Stack trace:
#0 C:\laragon\www\fokontany\system\Database\MySQLi\Connection.php(327): mysqli->query('INSERT INTO `ha...', 0)
#1 C:\laragon\www\fokontany\system\Database\BaseConnection.php(729): CodeIgniter\Database\MySQLi\Connection->execute('INSERT INTO `ha...')
#2 C:\laragon\www\fokontany\system\Database\BaseConnection.php(646): CodeIgniter\Database\BaseConnection->simpleQuery('INSERT INTO `ha...')
#3 C:\laragon\www\fokontany\system\Database\BaseBuilder.php(2345): CodeIgniter\Database\BaseConnection->query('INSERT INTO `ha...', Array, false)
#4 C:\laragon\www\fokontany\system\Model.php(394): CodeIgniter\Database\BaseBuilder->insert()
#5 C:\laragon\www\fokontany\system\BaseModel.php(838): CodeIgniter\Model->doInsert(Array)
#6 C:\laragon\www\fokontany\system\Model.php(797): CodeIgniter\BaseModel->insert(Array, true)
#7 C:\laragon\www\fokontany\app\Controllers\Home.php(77): CodeIgniter\Model->insert(Array)
#8 C:\laragon\www\fokontany\system\CodeIgniter.php(933): App\Controllers\Home->ajoutHabitant()
#9 C:\laragon\www\fokontany\system\CodeIgniter.php(507): CodeIgniter\CodeIgniter->runController(Object(App\Controllers\Home))
#10 C:\laragon\www\fokontany\system\CodeIgniter.php(354): CodeIgniter\CodeIgniter->handleRequest(NULL, Object(Config\Cache), false)
#11 C:\laragon\www\fokontany\system\Boot.php(363): CodeIgniter\CodeIgniter->run()
#12 C:\laragon\www\fokontany\system\Boot.php(68): CodeIgniter\Boot::runCodeIgniter(Object(CodeIgniter\CodeIgniter))
#13 C:\laragon\www\fokontany\public\index.php(59): CodeIgniter\Boot::bootWeb(Object(Config\Paths))
#14 C:\laragon\www\fokontany\system\rewrite.php(44): require_once('C:\\laragon\\www\\...')
#15 {main}
CRITICAL - 2025-09-21 17:49:56 --> CodeIgniter\Database\Exceptions\DatabaseException: Cannot add or update a child row: a foreign key constraint fails (`fokontany`.`habitant`, CONSTRAINT `fk_habitant_habitant` FOREIGN KEY (`idPere`) REFERENCES `habitant` (`idHabitant`))
[Method: POST, Route: enregistrement]
in SYSTEMPATH\Database\BaseConnection.php on line 684.
 1 SYSTEMPATH\Database\BaseBuilder.php(2345): CodeIgniter\Database\BaseConnection->query('INSERT INTO `habitant` (`nom`, `prenom`, `cin`, `num_copie`, `date_naissance`, `lieu_naissance`, `situation_matrimoniale`, `status`, `adresse`, `sexe`, `profession`, `idPere`, `idMere`) VALUES (:nom:, :prenom:, :cin:, :num_copie:, :date_naissance:, :lieu_naissance:, :situation_matrimoniale:, :status:, :adresse:, :sexe:, :profession:, :idPere:, :idMere:)', [...], false)
 2 SYSTEMPATH\Model.php(394): CodeIgniter\Database\BaseBuilder->insert()
 3 SYSTEMPATH\BaseModel.php(838): CodeIgniter\Model->doInsert([...])
 4 SYSTEMPATH\Model.php(797): CodeIgniter\BaseModel->insert([...], true)
 5 APPPATH\Controllers\Home.php(77): CodeIgniter\Model->insert([...])
 6 SYSTEMPATH\CodeIgniter.php(933): App\Controllers\Home->ajoutHabitant()
 7 SYSTEMPATH\CodeIgniter.php(507): CodeIgniter\CodeIgniter->runController(Object(App\Controllers\Home))
 8 SYSTEMPATH\CodeIgniter.php(354): CodeIgniter\CodeIgniter->handleRequest(null, Object(Config\Cache), false)
 9 SYSTEMPATH\Boot.php(363): CodeIgniter\CodeIgniter->run()
10 SYSTEMPATH\Boot.php(68): CodeIgniter\Boot::runCodeIgniter(Object(CodeIgniter\CodeIgniter))
11 FCPATH\index.php(59): CodeIgniter\Boot::bootWeb(Object(Config\Paths))
12 SYSTEMPATH\rewrite.php(44): require_once('C:\\laragon\\www\\fokontany\\public\\index.php')
CRITICAL - 2025-09-21 17:49:56 --> [Caused by] CodeIgniter\Database\Exceptions\DatabaseException: Cannot add or update a child row: a foreign key constraint fails (`fokontany`.`habitant`, CONSTRAINT `fk_habitant_habitant` FOREIGN KEY (`idPere`) REFERENCES `habitant` (`idHabitant`))
in SYSTEMPATH\Database\MySQLi\Connection.php on line 332.
 1 SYSTEMPATH\Database\BaseConnection.php(729): CodeIgniter\Database\MySQLi\Connection->execute('INSERT INTO `habitant` (`nom`, `prenom`, `cin`, `num_copie`, `date_naissance`, `lieu_naissance`, `situation_matrimoniale`, `status`, `adresse`, `sexe`, `profession`, `idPere`, `idMere`) VALUES (\'IARINJANAHARY\', \'Fanirison\', \'101251231282\', \'89\', \'2025-10-03\', \'sab/nam\', \'Célibataire\', \'Vivant\', \'II H 144E Solay\', \'Masculin\', \'Etudiant\', \'\', \'\')')
 2 SYSTEMPATH\Database\BaseConnection.php(646): CodeIgniter\Database\BaseConnection->simpleQuery('INSERT INTO `habitant` (`nom`, `prenom`, `cin`, `num_copie`, `date_naissance`, `lieu_naissance`, `situation_matrimoniale`, `status`, `adresse`, `sexe`, `profession`, `idPere`, `idMere`) VALUES (\'IARINJANAHARY\', \'Fanirison\', \'101251231282\', \'89\', \'2025-10-03\', \'sab/nam\', \'Célibataire\', \'Vivant\', \'II H 144E Solay\', \'Masculin\', \'Etudiant\', \'\', \'\')')
 3 SYSTEMPATH\Database\BaseBuilder.php(2345): CodeIgniter\Database\BaseConnection->query('INSERT INTO `habitant` (`nom`, `prenom`, `cin`, `num_copie`, `date_naissance`, `lieu_naissance`, `situation_matrimoniale`, `status`, `adresse`, `sexe`, `profession`, `idPere`, `idMere`) VALUES (:nom:, :prenom:, :cin:, :num_copie:, :date_naissance:, :lieu_naissance:, :situation_matrimoniale:, :status:, :adresse:, :sexe:, :profession:, :idPere:, :idMere:)', [...], false)
 4 SYSTEMPATH\Model.php(394): CodeIgniter\Database\BaseBuilder->insert()
 5 SYSTEMPATH\BaseModel.php(838): CodeIgniter\Model->doInsert([...])
 6 SYSTEMPATH\Model.php(797): CodeIgniter\BaseModel->insert([...], true)
 7 APPPATH\Controllers\Home.php(77): CodeIgniter\Model->insert([...])
 8 SYSTEMPATH\CodeIgniter.php(933): App\Controllers\Home->ajoutHabitant()
 9 SYSTEMPATH\CodeIgniter.php(507): CodeIgniter\CodeIgniter->runController(Object(App\Controllers\Home))
10 SYSTEMPATH\CodeIgniter.php(354): CodeIgniter\CodeIgniter->handleRequest(null, Object(Config\Cache), false)
11 SYSTEMPATH\Boot.php(363): CodeIgniter\CodeIgniter->run()
12 SYSTEMPATH\Boot.php(68): CodeIgniter\Boot::runCodeIgniter(Object(CodeIgniter\CodeIgniter))
13 FCPATH\index.php(59): CodeIgniter\Boot::bootWeb(Object(Config\Paths))
14 SYSTEMPATH\rewrite.php(44): require_once('C:\\laragon\\www\\fokontany\\public\\index.php')
CRITICAL - 2025-09-21 17:49:56 --> [Caused by] mysqli_sql_exception: Cannot add or update a child row: a foreign key constraint fails (`fokontany`.`habitant`, CONSTRAINT `fk_habitant_habitant` FOREIGN KEY (`idPere`) REFERENCES `habitant` (`idHabitant`))
in SYSTEMPATH\Database\MySQLi\Connection.php on line 327.
 1 SYSTEMPATH\Database\MySQLi\Connection.php(327): mysqli->query('INSERT INTO `habitant` (`nom`, `prenom`, `cin`, `num_copie`, `date_naissance`, `lieu_naissance`, `situation_matrimoniale`, `status`, `adresse`, `sexe`, `profession`, `idPere`, `idMere`) VALUES (\'IARINJANAHARY\', \'Fanirison\', \'101251231282\', \'89\', \'2025-10-03\', \'sab/nam\', \'Célibataire\', \'Vivant\', \'II H 144E Solay\', \'Masculin\', \'Etudiant\', \'\', \'\')', 0)
 2 SYSTEMPATH\Database\BaseConnection.php(729): CodeIgniter\Database\MySQLi\Connection->execute('INSERT INTO `habitant` (`nom`, `prenom`, `cin`, `num_copie`, `date_naissance`, `lieu_naissance`, `situation_matrimoniale`, `status`, `adresse`, `sexe`, `profession`, `idPere`, `idMere`) VALUES (\'IARINJANAHARY\', \'Fanirison\', \'101251231282\', \'89\', \'2025-10-03\', \'sab/nam\', \'Célibataire\', \'Vivant\', \'II H 144E Solay\', \'Masculin\', \'Etudiant\', \'\', \'\')')
 3 SYSTEMPATH\Database\BaseConnection.php(646): CodeIgniter\Database\BaseConnection->simpleQuery('INSERT INTO `habitant` (`nom`, `prenom`, `cin`, `num_copie`, `date_naissance`, `lieu_naissance`, `situation_matrimoniale`, `status`, `adresse`, `sexe`, `profession`, `idPere`, `idMere`) VALUES (\'IARINJANAHARY\', \'Fanirison\', \'101251231282\', \'89\', \'2025-10-03\', \'sab/nam\', \'Célibataire\', \'Vivant\', \'II H 144E Solay\', \'Masculin\', \'Etudiant\', \'\', \'\')')
 4 SYSTEMPATH\Database\BaseBuilder.php(2345): CodeIgniter\Database\BaseConnection->query('INSERT INTO `habitant` (`nom`, `prenom`, `cin`, `num_copie`, `date_naissance`, `lieu_naissance`, `situation_matrimoniale`, `status`, `adresse`, `sexe`, `profession`, `idPere`, `idMere`) VALUES (:nom:, :prenom:, :cin:, :num_copie:, :date_naissance:, :lieu_naissance:, :situation_matrimoniale:, :status:, :adresse:, :sexe:, :profession:, :idPere:, :idMere:)', [...], false)
 5 SYSTEMPATH\Model.php(394): CodeIgniter\Database\BaseBuilder->insert()
 6 SYSTEMPATH\BaseModel.php(838): CodeIgniter\Model->doInsert([...])
 7 SYSTEMPATH\Model.php(797): CodeIgniter\BaseModel->insert([...], true)
 8 APPPATH\Controllers\Home.php(77): CodeIgniter\Model->insert([...])
 9 SYSTEMPATH\CodeIgniter.php(933): App\Controllers\Home->ajoutHabitant()
10 SYSTEMPATH\CodeIgniter.php(507): CodeIgniter\CodeIgniter->runController(Object(App\Controllers\Home))
11 SYSTEMPATH\CodeIgniter.php(354): CodeIgniter\CodeIgniter->handleRequest(null, Object(Config\Cache), false)
12 SYSTEMPATH\Boot.php(363): CodeIgniter\CodeIgniter->run()
13 SYSTEMPATH\Boot.php(68): CodeIgniter\Boot::runCodeIgniter(Object(CodeIgniter\CodeIgniter))
14 FCPATH\index.php(59): CodeIgniter\Boot::bootWeb(Object(Config\Paths))
15 SYSTEMPATH\rewrite.php(44): require_once('C:\\laragon\\www\\fokontany\\public\\index.php')
ERROR - 2025-09-21 17:53:15 --> mysqli_sql_exception: Cannot add or update a child row: a foreign key constraint fails (`fokontany`.`habitant`, CONSTRAINT `fk_habitant_habitant` FOREIGN KEY (`idPere`) REFERENCES `habitant` (`idHabitant`)) in C:\laragon\www\fokontany\system\Database\MySQLi\Connection.php:327
Stack trace:
#0 C:\laragon\www\fokontany\system\Database\MySQLi\Connection.php(327): mysqli->query('INSERT INTO `ha...', 0)
#1 C:\laragon\www\fokontany\system\Database\BaseConnection.php(729): CodeIgniter\Database\MySQLi\Connection->execute('INSERT INTO `ha...')
#2 C:\laragon\www\fokontany\system\Database\BaseConnection.php(646): CodeIgniter\Database\BaseConnection->simpleQuery('INSERT INTO `ha...')
#3 C:\laragon\www\fokontany\system\Database\BaseBuilder.php(2345): CodeIgniter\Database\BaseConnection->query('INSERT INTO `ha...', Array, false)
#4 C:\laragon\www\fokontany\system\Model.php(394): CodeIgniter\Database\BaseBuilder->insert()
#5 C:\laragon\www\fokontany\system\BaseModel.php(838): CodeIgniter\Model->doInsert(Array)
#6 C:\laragon\www\fokontany\system\Model.php(797): CodeIgniter\BaseModel->insert(Array, true)
#7 C:\laragon\www\fokontany\app\Controllers\Home.php(77): CodeIgniter\Model->insert(Array)
#8 C:\laragon\www\fokontany\system\CodeIgniter.php(933): App\Controllers\Home->ajoutHabitant()
#9 C:\laragon\www\fokontany\system\CodeIgniter.php(507): CodeIgniter\CodeIgniter->runController(Object(App\Controllers\Home))
#10 C:\laragon\www\fokontany\system\CodeIgniter.php(354): CodeIgniter\CodeIgniter->handleRequest(NULL, Object(Config\Cache), false)
#11 C:\laragon\www\fokontany\system\Boot.php(363): CodeIgniter\CodeIgniter->run()
#12 C:\laragon\www\fokontany\system\Boot.php(68): CodeIgniter\Boot::runCodeIgniter(Object(CodeIgniter\CodeIgniter))
#13 C:\laragon\www\fokontany\public\index.php(59): CodeIgniter\Boot::bootWeb(Object(Config\Paths))
#14 C:\laragon\www\fokontany\system\rewrite.php(44): require_once('C:\\laragon\\www\\...')
#15 {main}
CRITICAL - 2025-09-21 17:53:15 --> CodeIgniter\Database\Exceptions\DatabaseException: Cannot add or update a child row: a foreign key constraint fails (`fokontany`.`habitant`, CONSTRAINT `fk_habitant_habitant` FOREIGN KEY (`idPere`) REFERENCES `habitant` (`idHabitant`))
[Method: POST, Route: enregistrement]
in SYSTEMPATH\Database\BaseConnection.php on line 684.
 1 SYSTEMPATH\Database\BaseBuilder.php(2345): CodeIgniter\Database\BaseConnection->query('INSERT INTO `habitant` (`nom`, `prenom`, `cin`, `num_copie`, `date_naissance`, `lieu_naissance`, `situation_matrimoniale`, `status`, `adresse`, `sexe`, `profession`, `idPere`, `idMere`) VALUES (:nom:, :prenom:, :cin:, :num_copie:, :date_naissance:, :lieu_naissance:, :situation_matrimoniale:, :status:, :adresse:, :sexe:, :profession:, :idPere:, :idMere:)', [...], false)
 2 SYSTEMPATH\Model.php(394): CodeIgniter\Database\BaseBuilder->insert()
 3 SYSTEMPATH\BaseModel.php(838): CodeIgniter\Model->doInsert([...])
 4 SYSTEMPATH\Model.php(797): CodeIgniter\BaseModel->insert([...], true)
 5 APPPATH\Controllers\Home.php(77): CodeIgniter\Model->insert([...])
 6 SYSTEMPATH\CodeIgniter.php(933): App\Controllers\Home->ajoutHabitant()
 7 SYSTEMPATH\CodeIgniter.php(507): CodeIgniter\CodeIgniter->runController(Object(App\Controllers\Home))
 8 SYSTEMPATH\CodeIgniter.php(354): CodeIgniter\CodeIgniter->handleRequest(null, Object(Config\Cache), false)
 9 SYSTEMPATH\Boot.php(363): CodeIgniter\CodeIgniter->run()
10 SYSTEMPATH\Boot.php(68): CodeIgniter\Boot::runCodeIgniter(Object(CodeIgniter\CodeIgniter))
11 FCPATH\index.php(59): CodeIgniter\Boot::bootWeb(Object(Config\Paths))
12 SYSTEMPATH\rewrite.php(44): require_once('C:\\laragon\\www\\fokontany\\public\\index.php')
CRITICAL - 2025-09-21 17:53:15 --> [Caused by] CodeIgniter\Database\Exceptions\DatabaseException: Cannot add or update a child row: a foreign key constraint fails (`fokontany`.`habitant`, CONSTRAINT `fk_habitant_habitant` FOREIGN KEY (`idPere`) REFERENCES `habitant` (`idHabitant`))
in SYSTEMPATH\Database\MySQLi\Connection.php on line 332.
 1 SYSTEMPATH\Database\BaseConnection.php(729): CodeIgniter\Database\MySQLi\Connection->execute('INSERT INTO `habitant` (`nom`, `prenom`, `cin`, `num_copie`, `date_naissance`, `lieu_naissance`, `situation_matrimoniale`, `status`, `adresse`, `sexe`, `profession`, `idPere`, `idMere`) VALUES (\'IARINJANAHARY\', \'Fanirison\', \'101251231282\', \'89\', \'2025-10-03\', \'sab/nam\', \'Célibataire\', \'Vivant\', \'II H 144E Solay\', \'Masculin\', \'Etudiant\', \'\', \'\')')
 2 SYSTEMPATH\Database\BaseConnection.php(646): CodeIgniter\Database\BaseConnection->simpleQuery('INSERT INTO `habitant` (`nom`, `prenom`, `cin`, `num_copie`, `date_naissance`, `lieu_naissance`, `situation_matrimoniale`, `status`, `adresse`, `sexe`, `profession`, `idPere`, `idMere`) VALUES (\'IARINJANAHARY\', \'Fanirison\', \'101251231282\', \'89\', \'2025-10-03\', \'sab/nam\', \'Célibataire\', \'Vivant\', \'II H 144E Solay\', \'Masculin\', \'Etudiant\', \'\', \'\')')
 3 SYSTEMPATH\Database\BaseBuilder.php(2345): CodeIgniter\Database\BaseConnection->query('INSERT INTO `habitant` (`nom`, `prenom`, `cin`, `num_copie`, `date_naissance`, `lieu_naissance`, `situation_matrimoniale`, `status`, `adresse`, `sexe`, `profession`, `idPere`, `idMere`) VALUES (:nom:, :prenom:, :cin:, :num_copie:, :date_naissance:, :lieu_naissance:, :situation_matrimoniale:, :status:, :adresse:, :sexe:, :profession:, :idPere:, :idMere:)', [...], false)
 4 SYSTEMPATH\Model.php(394): CodeIgniter\Database\BaseBuilder->insert()
 5 SYSTEMPATH\BaseModel.php(838): CodeIgniter\Model->doInsert([...])
 6 SYSTEMPATH\Model.php(797): CodeIgniter\BaseModel->insert([...], true)
 7 APPPATH\Controllers\Home.php(77): CodeIgniter\Model->insert([...])
 8 SYSTEMPATH\CodeIgniter.php(933): App\Controllers\Home->ajoutHabitant()
 9 SYSTEMPATH\CodeIgniter.php(507): CodeIgniter\CodeIgniter->runController(Object(App\Controllers\Home))
10 SYSTEMPATH\CodeIgniter.php(354): CodeIgniter\CodeIgniter->handleRequest(null, Object(Config\Cache), false)
11 SYSTEMPATH\Boot.php(363): CodeIgniter\CodeIgniter->run()
12 SYSTEMPATH\Boot.php(68): CodeIgniter\Boot::runCodeIgniter(Object(CodeIgniter\CodeIgniter))
13 FCPATH\index.php(59): CodeIgniter\Boot::bootWeb(Object(Config\Paths))
14 SYSTEMPATH\rewrite.php(44): require_once('C:\\laragon\\www\\fokontany\\public\\index.php')
CRITICAL - 2025-09-21 17:53:15 --> [Caused by] mysqli_sql_exception: Cannot add or update a child row: a foreign key constraint fails (`fokontany`.`habitant`, CONSTRAINT `fk_habitant_habitant` FOREIGN KEY (`idPere`) REFERENCES `habitant` (`idHabitant`))
in SYSTEMPATH\Database\MySQLi\Connection.php on line 327.
 1 SYSTEMPATH\Database\MySQLi\Connection.php(327): mysqli->query('INSERT INTO `habitant` (`nom`, `prenom`, `cin`, `num_copie`, `date_naissance`, `lieu_naissance`, `situation_matrimoniale`, `status`, `adresse`, `sexe`, `profession`, `idPere`, `idMere`) VALUES (\'IARINJANAHARY\', \'Fanirison\', \'101251231282\', \'89\', \'2025-10-03\', \'sab/nam\', \'Célibataire\', \'Vivant\', \'II H 144E Solay\', \'Masculin\', \'Etudiant\', \'\', \'\')', 0)
 2 SYSTEMPATH\Database\BaseConnection.php(729): CodeIgniter\Database\MySQLi\Connection->execute('INSERT INTO `habitant` (`nom`, `prenom`, `cin`, `num_copie`, `date_naissance`, `lieu_naissance`, `situation_matrimoniale`, `status`, `adresse`, `sexe`, `profession`, `idPere`, `idMere`) VALUES (\'IARINJANAHARY\', \'Fanirison\', \'101251231282\', \'89\', \'2025-10-03\', \'sab/nam\', \'Célibataire\', \'Vivant\', \'II H 144E Solay\', \'Masculin\', \'Etudiant\', \'\', \'\')')
 3 SYSTEMPATH\Database\BaseConnection.php(646): CodeIgniter\Database\BaseConnection->simpleQuery('INSERT INTO `habitant` (`nom`, `prenom`, `cin`, `num_copie`, `date_naissance`, `lieu_naissance`, `situation_matrimoniale`, `status`, `adresse`, `sexe`, `profession`, `idPere`, `idMere`) VALUES (\'IARINJANAHARY\', \'Fanirison\', \'101251231282\', \'89\', \'2025-10-03\', \'sab/nam\', \'Célibataire\', \'Vivant\', \'II H 144E Solay\', \'Masculin\', \'Etudiant\', \'\', \'\')')
 4 SYSTEMPATH\Database\BaseBuilder.php(2345): CodeIgniter\Database\BaseConnection->query('INSERT INTO `habitant` (`nom`, `prenom`, `cin`, `num_copie`, `date_naissance`, `lieu_naissance`, `situation_matrimoniale`, `status`, `adresse`, `sexe`, `profession`, `idPere`, `idMere`) VALUES (:nom:, :prenom:, :cin:, :num_copie:, :date_naissance:, :lieu_naissance:, :situation_matrimoniale:, :status:, :adresse:, :sexe:, :profession:, :idPere:, :idMere:)', [...], false)
 5 SYSTEMPATH\Model.php(394): CodeIgniter\Database\BaseBuilder->insert()
 6 SYSTEMPATH\BaseModel.php(838): CodeIgniter\Model->doInsert([...])
 7 SYSTEMPATH\Model.php(797): CodeIgniter\BaseModel->insert([...], true)
 8 APPPATH\Controllers\Home.php(77): CodeIgniter\Model->insert([...])
 9 SYSTEMPATH\CodeIgniter.php(933): App\Controllers\Home->ajoutHabitant()
10 SYSTEMPATH\CodeIgniter.php(507): CodeIgniter\CodeIgniter->runController(Object(App\Controllers\Home))
11 SYSTEMPATH\CodeIgniter.php(354): CodeIgniter\CodeIgniter->handleRequest(null, Object(Config\Cache), false)
12 SYSTEMPATH\Boot.php(363): CodeIgniter\CodeIgniter->run()
13 SYSTEMPATH\Boot.php(68): CodeIgniter\Boot::runCodeIgniter(Object(CodeIgniter\CodeIgniter))
14 FCPATH\index.php(59): CodeIgniter\Boot::bootWeb(Object(Config\Paths))
15 SYSTEMPATH\rewrite.php(44): require_once('C:\\laragon\\www\\fokontany\\public\\index.php')
ERROR - 2025-09-21 17:53:42 --> mysqli_sql_exception: Cannot add or update a child row: a foreign key constraint fails (`fokontany`.`habitant`, CONSTRAINT `fk_habitant_habitant` FOREIGN KEY (`idPere`) REFERENCES `habitant` (`idHabitant`)) in C:\laragon\www\fokontany\system\Database\MySQLi\Connection.php:327
Stack trace:
#0 C:\laragon\www\fokontany\system\Database\MySQLi\Connection.php(327): mysqli->query('INSERT INTO `ha...', 0)
#1 C:\laragon\www\fokontany\system\Database\BaseConnection.php(729): CodeIgniter\Database\MySQLi\Connection->execute('INSERT INTO `ha...')
#2 C:\laragon\www\fokontany\system\Database\BaseConnection.php(646): CodeIgniter\Database\BaseConnection->simpleQuery('INSERT INTO `ha...')
#3 C:\laragon\www\fokontany\system\Database\BaseBuilder.php(2345): CodeIgniter\Database\BaseConnection->query('INSERT INTO `ha...', Array, false)
#4 C:\laragon\www\fokontany\system\Model.php(394): CodeIgniter\Database\BaseBuilder->insert()
#5 C:\laragon\www\fokontany\system\BaseModel.php(838): CodeIgniter\Model->doInsert(Array)
#6 C:\laragon\www\fokontany\system\Model.php(797): CodeIgniter\BaseModel->insert(Array, true)
#7 C:\laragon\www\fokontany\app\Controllers\Home.php(77): CodeIgniter\Model->insert(Array)
#8 C:\laragon\www\fokontany\system\CodeIgniter.php(933): App\Controllers\Home->ajoutHabitant()
#9 C:\laragon\www\fokontany\system\CodeIgniter.php(507): CodeIgniter\CodeIgniter->runController(Object(App\Controllers\Home))
#10 C:\laragon\www\fokontany\system\CodeIgniter.php(354): CodeIgniter\CodeIgniter->handleRequest(NULL, Object(Config\Cache), false)
#11 C:\laragon\www\fokontany\system\Boot.php(363): CodeIgniter\CodeIgniter->run()
#12 C:\laragon\www\fokontany\system\Boot.php(68): CodeIgniter\Boot::runCodeIgniter(Object(CodeIgniter\CodeIgniter))
#13 C:\laragon\www\fokontany\public\index.php(59): CodeIgniter\Boot::bootWeb(Object(Config\Paths))
#14 C:\laragon\www\fokontany\system\rewrite.php(44): require_once('C:\\laragon\\www\\...')
#15 {main}
CRITICAL - 2025-09-21 17:53:42 --> CodeIgniter\Database\Exceptions\DatabaseException: Cannot add or update a child row: a foreign key constraint fails (`fokontany`.`habitant`, CONSTRAINT `fk_habitant_habitant` FOREIGN KEY (`idPere`) REFERENCES `habitant` (`idHabitant`))
[Method: POST, Route: enregistrement]
in SYSTEMPATH\Database\BaseConnection.php on line 684.
 1 SYSTEMPATH\Database\BaseBuilder.php(2345): CodeIgniter\Database\BaseConnection->query('INSERT INTO `habitant` (`nom`, `prenom`, `cin`, `num_copie`, `date_naissance`, `lieu_naissance`, `situation_matrimoniale`, `status`, `adresse`, `sexe`, `profession`, `idPere`, `idMere`) VALUES (:nom:, :prenom:, :cin:, :num_copie:, :date_naissance:, :lieu_naissance:, :situation_matrimoniale:, :status:, :adresse:, :sexe:, :profession:, :idPere:, :idMere:)', [...], false)
 2 SYSTEMPATH\Model.php(394): CodeIgniter\Database\BaseBuilder->insert()
 3 SYSTEMPATH\BaseModel.php(838): CodeIgniter\Model->doInsert([...])
 4 SYSTEMPATH\Model.php(797): CodeIgniter\BaseModel->insert([...], true)
 5 APPPATH\Controllers\Home.php(77): CodeIgniter\Model->insert([...])
 6 SYSTEMPATH\CodeIgniter.php(933): App\Controllers\Home->ajoutHabitant()
 7 SYSTEMPATH\CodeIgniter.php(507): CodeIgniter\CodeIgniter->runController(Object(App\Controllers\Home))
 8 SYSTEMPATH\CodeIgniter.php(354): CodeIgniter\CodeIgniter->handleRequest(null, Object(Config\Cache), false)
 9 SYSTEMPATH\Boot.php(363): CodeIgniter\CodeIgniter->run()
10 SYSTEMPATH\Boot.php(68): CodeIgniter\Boot::runCodeIgniter(Object(CodeIgniter\CodeIgniter))
11 FCPATH\index.php(59): CodeIgniter\Boot::bootWeb(Object(Config\Paths))
12 SYSTEMPATH\rewrite.php(44): require_once('C:\\laragon\\www\\fokontany\\public\\index.php')
CRITICAL - 2025-09-21 17:53:42 --> [Caused by] CodeIgniter\Database\Exceptions\DatabaseException: Cannot add or update a child row: a foreign key constraint fails (`fokontany`.`habitant`, CONSTRAINT `fk_habitant_habitant` FOREIGN KEY (`idPere`) REFERENCES `habitant` (`idHabitant`))
in SYSTEMPATH\Database\MySQLi\Connection.php on line 332.
 1 SYSTEMPATH\Database\BaseConnection.php(729): CodeIgniter\Database\MySQLi\Connection->execute('INSERT INTO `habitant` (`nom`, `prenom`, `cin`, `num_copie`, `date_naissance`, `lieu_naissance`, `situation_matrimoniale`, `status`, `adresse`, `sexe`, `profession`, `idPere`, `idMere`) VALUES (\'fghjk\', \'ghjk\', \'865235352\', \'hgjk\', \'2025-01-02\', \'k\', \'Célibataire\', \'Vivant\', \'gjhkl:\', \'Masculin\', \'cghjk:\', \'\', \'\')')
 2 SYSTEMPATH\Database\BaseConnection.php(646): CodeIgniter\Database\BaseConnection->simpleQuery('INSERT INTO `habitant` (`nom`, `prenom`, `cin`, `num_copie`, `date_naissance`, `lieu_naissance`, `situation_matrimoniale`, `status`, `adresse`, `sexe`, `profession`, `idPere`, `idMere`) VALUES (\'fghjk\', \'ghjk\', \'865235352\', \'hgjk\', \'2025-01-02\', \'k\', \'Célibataire\', \'Vivant\', \'gjhkl:\', \'Masculin\', \'cghjk:\', \'\', \'\')')
 3 SYSTEMPATH\Database\BaseBuilder.php(2345): CodeIgniter\Database\BaseConnection->query('INSERT INTO `habitant` (`nom`, `prenom`, `cin`, `num_copie`, `date_naissance`, `lieu_naissance`, `situation_matrimoniale`, `status`, `adresse`, `sexe`, `profession`, `idPere`, `idMere`) VALUES (:nom:, :prenom:, :cin:, :num_copie:, :date_naissance:, :lieu_naissance:, :situation_matrimoniale:, :status:, :adresse:, :sexe:, :profession:, :idPere:, :idMere:)', [...], false)
 4 SYSTEMPATH\Model.php(394): CodeIgniter\Database\BaseBuilder->insert()
 5 SYSTEMPATH\BaseModel.php(838): CodeIgniter\Model->doInsert([...])
 6 SYSTEMPATH\Model.php(797): CodeIgniter\BaseModel->insert([...], true)
 7 APPPATH\Controllers\Home.php(77): CodeIgniter\Model->insert([...])
 8 SYSTEMPATH\CodeIgniter.php(933): App\Controllers\Home->ajoutHabitant()
 9 SYSTEMPATH\CodeIgniter.php(507): CodeIgniter\CodeIgniter->runController(Object(App\Controllers\Home))
10 SYSTEMPATH\CodeIgniter.php(354): CodeIgniter\CodeIgniter->handleRequest(null, Object(Config\Cache), false)
11 SYSTEMPATH\Boot.php(363): CodeIgniter\CodeIgniter->run()
12 SYSTEMPATH\Boot.php(68): CodeIgniter\Boot::runCodeIgniter(Object(CodeIgniter\CodeIgniter))
13 FCPATH\index.php(59): CodeIgniter\Boot::bootWeb(Object(Config\Paths))
14 SYSTEMPATH\rewrite.php(44): require_once('C:\\laragon\\www\\fokontany\\public\\index.php')
CRITICAL - 2025-09-21 17:53:42 --> [Caused by] mysqli_sql_exception: Cannot add or update a child row: a foreign key constraint fails (`fokontany`.`habitant`, CONSTRAINT `fk_habitant_habitant` FOREIGN KEY (`idPere`) REFERENCES `habitant` (`idHabitant`))
in SYSTEMPATH\Database\MySQLi\Connection.php on line 327.
 1 SYSTEMPATH\Database\MySQLi\Connection.php(327): mysqli->query('INSERT INTO `habitant` (`nom`, `prenom`, `cin`, `num_copie`, `date_naissance`, `lieu_naissance`, `situation_matrimoniale`, `status`, `adresse`, `sexe`, `profession`, `idPere`, `idMere`) VALUES (\'fghjk\', \'ghjk\', \'865235352\', \'hgjk\', \'2025-01-02\', \'k\', \'Célibataire\', \'Vivant\', \'gjhkl:\', \'Masculin\', \'cghjk:\', \'\', \'\')', 0)
 2 SYSTEMPATH\Database\BaseConnection.php(729): CodeIgniter\Database\MySQLi\Connection->execute('INSERT INTO `habitant` (`nom`, `prenom`, `cin`, `num_copie`, `date_naissance`, `lieu_naissance`, `situation_matrimoniale`, `status`, `adresse`, `sexe`, `profession`, `idPere`, `idMere`) VALUES (\'fghjk\', \'ghjk\', \'865235352\', \'hgjk\', \'2025-01-02\', \'k\', \'Célibataire\', \'Vivant\', \'gjhkl:\', \'Masculin\', \'cghjk:\', \'\', \'\')')
 3 SYSTEMPATH\Database\BaseConnection.php(646): CodeIgniter\Database\BaseConnection->simpleQuery('INSERT INTO `habitant` (`nom`, `prenom`, `cin`, `num_copie`, `date_naissance`, `lieu_naissance`, `situation_matrimoniale`, `status`, `adresse`, `sexe`, `profession`, `idPere`, `idMere`) VALUES (\'fghjk\', \'ghjk\', \'865235352\', \'hgjk\', \'2025-01-02\', \'k\', \'Célibataire\', \'Vivant\', \'gjhkl:\', \'Masculin\', \'cghjk:\', \'\', \'\')')
 4 SYSTEMPATH\Database\BaseBuilder.php(2345): CodeIgniter\Database\BaseConnection->query('INSERT INTO `habitant` (`nom`, `prenom`, `cin`, `num_copie`, `date_naissance`, `lieu_naissance`, `situation_matrimoniale`, `status`, `adresse`, `sexe`, `profession`, `idPere`, `idMere`) VALUES (:nom:, :prenom:, :cin:, :num_copie:, :date_naissance:, :lieu_naissance:, :situation_matrimoniale:, :status:, :adresse:, :sexe:, :profession:, :idPere:, :idMere:)', [...], false)
 5 SYSTEMPATH\Model.php(394): CodeIgniter\Database\BaseBuilder->insert()
 6 SYSTEMPATH\BaseModel.php(838): CodeIgniter\Model->doInsert([...])
 7 SYSTEMPATH\Model.php(797): CodeIgniter\BaseModel->insert([...], true)
 8 APPPATH\Controllers\Home.php(77): CodeIgniter\Model->insert([...])
 9 SYSTEMPATH\CodeIgniter.php(933): App\Controllers\Home->ajoutHabitant()
10 SYSTEMPATH\CodeIgniter.php(507): CodeIgniter\CodeIgniter->runController(Object(App\Controllers\Home))
11 SYSTEMPATH\CodeIgniter.php(354): CodeIgniter\CodeIgniter->handleRequest(null, Object(Config\Cache), false)
12 SYSTEMPATH\Boot.php(363): CodeIgniter\CodeIgniter->run()
13 SYSTEMPATH\Boot.php(68): CodeIgniter\Boot::runCodeIgniter(Object(CodeIgniter\CodeIgniter))
14 FCPATH\index.php(59): CodeIgniter\Boot::bootWeb(Object(Config\Paths))
15 SYSTEMPATH\rewrite.php(44): require_once('C:\\laragon\\www\\fokontany\\public\\index.php')
DEBUG - 2025-09-21 17:57:45 --> Session: Class initialized using 'CodeIgniter\Session\Handlers\FileHandler' driver.
DEBUG - 2025-09-21 18:04:21 --> Session: Class initialized using 'CodeIgniter\Session\Handlers\FileHandler' driver.
CRITICAL - 2025-09-21 18:06:33 --> ErrorException: Undefined array key "CIN"
[Method: POST, Route: Residence/genererResidence]
in APPPATH\Views\residence.php on line 32.
 1 APPPATH\Views\residence.php(32): CodeIgniter\Debug\Exceptions->errorHandler(2, 'Undefined array key "CIN"', 'C:\\laragon\\www\\fokontany\\app\\Views\\residence.php', 32)
 2 SYSTEMPATH\View\View.php(226): include('C:\\laragon\\www\\fokontany\\app\\Views\\residence.php')
 3 SYSTEMPATH\View\View.php(229): CodeIgniter\View\View->CodeIgniter\View\{closure}()
 4 SYSTEMPATH\Common.php(1167): CodeIgniter\View\View->render('residence', [], true)
 5 APPPATH\Controllers\Residence.php(39): view('residence', [...])
 6 SYSTEMPATH\CodeIgniter.php(933): App\Controllers\Residence->genererResidence()
 7 SYSTEMPATH\CodeIgniter.php(507): CodeIgniter\CodeIgniter->runController(Object(App\Controllers\Residence))
 8 SYSTEMPATH\CodeIgniter.php(354): CodeIgniter\CodeIgniter->handleRequest(null, Object(Config\Cache), false)
 9 SYSTEMPATH\Boot.php(363): CodeIgniter\CodeIgniter->run()
10 SYSTEMPATH\Boot.php(68): CodeIgniter\Boot::runCodeIgniter(Object(CodeIgniter\CodeIgniter))
11 FCPATH\index.php(59): CodeIgniter\Boot::bootWeb(Object(Config\Paths))
12 SYSTEMPATH\rewrite.php(44): require_once('C:\\laragon\\www\\fokontany\\public\\index.php')
